<?xml version="1.0" encoding="UTF-8"?>
<robot generator="Robot 6.1.1 (Python 3.10.12 on linux)" generated="20241116 02:14:24.514" rpa="false" schemaversion="4">
<suite id="s1" name="Register" source="/home/yampi/koulu/OHTU/palautusrepo/viikko3/web-login/src/tests/register.robot">
<kw name="Open And Configure Browser" library="resource" type="SETUP">
<if>
<branch type="IF" condition="$BROWSER == 'chrome'">
<kw name="Evaluate" library="BuiltIn">
<var>${options}</var>
<arg>sys.modules['selenium.webdriver'].ChromeOptions()</arg>
<arg>sys</arg>
<doc>Evaluates the given expression in Python and returns the result.</doc>
<msg timestamp="20241116 02:14:24.707" level="INFO">${options} = &lt;selenium.webdriver.chrome.options.Options object at 0x7fc0265fbbb0&gt;</msg>
<status status="PASS" starttime="20241116 02:14:24.707" endtime="20241116 02:14:24.707"/>
</kw>
<status status="PASS" starttime="20241116 02:14:24.693" endtime="20241116 02:14:24.707"/>
</branch>
<branch type="ELSE IF" condition="$BROWSER == 'firefox'">
<kw name="Evaluate" library="BuiltIn">
<var>${options}</var>
<arg>sys.modules['selenium.webdriver'].FirefoxOptions()</arg>
<arg>sys</arg>
<doc>Evaluates the given expression in Python and returns the result.</doc>
<status status="NOT RUN" starttime="20241116 02:14:24.708" endtime="20241116 02:14:24.708"/>
</kw>
<status status="NOT RUN" starttime="20241116 02:14:24.707" endtime="20241116 02:14:24.708"/>
</branch>
<status status="PASS" starttime="20241116 02:14:24.693" endtime="20241116 02:14:24.708"/>
</if>
<if>
<branch type="IF" condition="$HEADLESS == 'true'">
<kw name="Set Selenium Speed" library="SeleniumLibrary">
<arg>0</arg>
<doc>Sets the delay that is waited after each Selenium command.</doc>
<status status="NOT RUN" starttime="20241116 02:14:24.708" endtime="20241116 02:14:24.708"/>
</kw>
<kw name="Call Method" library="BuiltIn">
<arg>${options}</arg>
<arg>add_argument</arg>
<arg>--headless</arg>
<doc>Calls the named method of the given object with the provided arguments.</doc>
<status status="NOT RUN" starttime="20241116 02:14:24.708" endtime="20241116 02:14:24.708"/>
</kw>
<status status="NOT RUN" starttime="20241116 02:14:24.708" endtime="20241116 02:14:24.708"/>
</branch>
<branch type="ELSE">
<kw name="Set Selenium Speed" library="SeleniumLibrary">
<arg>${DELAY}</arg>
<doc>Sets the delay that is waited after each Selenium command.</doc>
<status status="PASS" starttime="20241116 02:14:24.708" endtime="20241116 02:14:24.708"/>
</kw>
<status status="PASS" starttime="20241116 02:14:24.708" endtime="20241116 02:14:24.708"/>
</branch>
<status status="PASS" starttime="20241116 02:14:24.708" endtime="20241116 02:14:24.708"/>
</if>
<kw name="Open Browser" library="SeleniumLibrary">
<arg>browser=${BROWSER}</arg>
<arg>options=${options}</arg>
<doc>Opens a new browser instance to the optional ``url``.</doc>
<msg timestamp="20241116 02:14:24.709" level="INFO">Opening browser 'chrome' to base url 'None'.</msg>
<status status="PASS" starttime="20241116 02:14:24.708" endtime="20241116 02:14:26.333"/>
</kw>
<status status="PASS" starttime="20241116 02:14:24.692" endtime="20241116 02:14:26.333"/>
</kw>
<test id="s1-t1" name="Login After Failed Registration" line="67">
<kw name="Reset Application Create User And Go To Register Page" type="SETUP">
<kw name="Reset Application" library="AppLibrary">
<status status="PASS" starttime="20241116 02:14:26.334" endtime="20241116 02:14:26.338"/>
</kw>
<kw name="Create User" library="AppLibrary">
<arg>kalle</arg>
<arg>kalle123</arg>
<status status="PASS" starttime="20241116 02:14:26.338" endtime="20241116 02:14:26.347"/>
</kw>
<kw name="Go To Register Page" library="resource">
<kw name="Go To" library="SeleniumLibrary">
<arg>${REGISTER_URL}</arg>
<doc>Navigates the current browser window to the provided ``url``.</doc>
<msg timestamp="20241116 02:14:26.348" level="INFO">Opening url 'http://localhost:5001/register'</msg>
<status status="PASS" starttime="20241116 02:14:26.348" endtime="20241116 02:14:26.920"/>
</kw>
<status status="PASS" starttime="20241116 02:14:26.347" endtime="20241116 02:14:26.921"/>
</kw>
<status status="PASS" starttime="20241116 02:14:26.333" endtime="20241116 02:14:26.921"/>
</kw>
<kw name="Set Username">
<arg>bilboswaggins</arg>
<kw name="Input Text" library="SeleniumLibrary">
<arg>username</arg>
<arg>${username}</arg>
<doc>Types the given ``text`` into the text field identified by ``locator``.</doc>
<msg timestamp="20241116 02:14:26.922" level="INFO">Typing text 'bilboswaggins' into text field 'username'.</msg>
<status status="PASS" starttime="20241116 02:14:26.921" endtime="20241116 02:14:28.535"/>
</kw>
<status status="PASS" starttime="20241116 02:14:26.921" endtime="20241116 02:14:28.535"/>
</kw>
<kw name="Set Password">
<arg>bilboswaggins</arg>
<kw name="Input Password" library="SeleniumLibrary">
<arg>password</arg>
<arg>${password}</arg>
<doc>Types the given password into the text field identified by ``locator``.</doc>
<msg timestamp="20241116 02:14:28.536" level="INFO">Typing password into text field 'password'.</msg>
<msg timestamp="20241116 02:14:29.575" level="INFO">Temporally setting log level to: NONE</msg>
<msg timestamp="20241116 02:14:30.122" level="INFO">Log level changed from NONE to INFO.</msg>
<status status="PASS" starttime="20241116 02:14:28.536" endtime="20241116 02:14:30.122"/>
</kw>
<status status="PASS" starttime="20241116 02:14:28.535" endtime="20241116 02:14:30.122"/>
</kw>
<kw name="Set Password Confirmation">
<arg>bilboswaggins</arg>
<kw name="Input Password" library="SeleniumLibrary">
<arg>password_confirmation</arg>
<arg>${password}</arg>
<doc>Types the given password into the text field identified by ``locator``.</doc>
<msg timestamp="20241116 02:14:30.123" level="INFO">Typing password into text field 'password_confirmation'.</msg>
<msg timestamp="20241116 02:14:31.156" level="INFO">Temporally setting log level to: NONE</msg>
<msg timestamp="20241116 02:14:31.700" level="INFO">Log level changed from NONE to INFO.</msg>
<status status="PASS" starttime="20241116 02:14:30.122" endtime="20241116 02:14:31.700"/>
</kw>
<status status="PASS" starttime="20241116 02:14:30.122" endtime="20241116 02:14:31.700"/>
</kw>
<kw name="Submit Credentials">
<kw name="Click Button" library="SeleniumLibrary">
<arg>Register</arg>
<doc>Clicks the button identified by ``locator``.</doc>
<msg timestamp="20241116 02:14:31.701" level="INFO">Clicking button 'Register'.</msg>
<status status="PASS" starttime="20241116 02:14:31.700" endtime="20241116 02:14:33.803"/>
</kw>
<status status="PASS" starttime="20241116 02:14:31.700" endtime="20241116 02:14:33.803"/>
</kw>
<kw name="Register Should Fail With Message">
<arg>Password must include non alphabetical symbols</arg>
<kw name="Register Page Should Be Open" library="resource">
<kw name="Title Should Be" library="SeleniumLibrary">
<arg>Register</arg>
<doc>Verifies that the current page title equals ``title``.</doc>
<msg timestamp="20241116 02:14:34.314" level="INFO">Page title is 'Register'.</msg>
<status status="PASS" starttime="20241116 02:14:33.804" endtime="20241116 02:14:34.314"/>
</kw>
<status status="PASS" starttime="20241116 02:14:33.804" endtime="20241116 02:14:34.314"/>
</kw>
<kw name="Page Should Contain" library="SeleniumLibrary">
<arg>${message}</arg>
<doc>Verifies that current page contains ``text``.</doc>
<msg timestamp="20241116 02:14:35.333" level="INFO">Current page contains text 'Password must include non alphabetical symbols'.</msg>
<status status="PASS" starttime="20241116 02:14:34.314" endtime="20241116 02:14:35.333"/>
</kw>
<status status="PASS" starttime="20241116 02:14:33.803" endtime="20241116 02:14:35.334"/>
</kw>
<kw name="Go To Login Page" library="resource">
<kw name="Go To" library="SeleniumLibrary">
<arg>${LOGIN_URL}</arg>
<doc>Navigates the current browser window to the provided ``url``.</doc>
<msg timestamp="20241116 02:14:35.334" level="INFO">Opening url 'http://localhost:5001/login'</msg>
<status status="PASS" starttime="20241116 02:14:35.334" endtime="20241116 02:14:35.869"/>
</kw>
<status status="PASS" starttime="20241116 02:14:35.334" endtime="20241116 02:14:35.870"/>
</kw>
<kw name="Set Username">
<arg>bilboswaggins</arg>
<kw name="Input Text" library="SeleniumLibrary">
<arg>username</arg>
<arg>${username}</arg>
<doc>Types the given ``text`` into the text field identified by ``locator``.</doc>
<msg timestamp="20241116 02:14:35.871" level="INFO">Typing text 'bilboswaggins' into text field 'username'.</msg>
<status status="PASS" starttime="20241116 02:14:35.870" endtime="20241116 02:14:37.457"/>
</kw>
<status status="PASS" starttime="20241116 02:14:35.870" endtime="20241116 02:14:37.457"/>
</kw>
<kw name="Set Password">
<arg>bilboswaggins</arg>
<kw name="Input Password" library="SeleniumLibrary">
<arg>password</arg>
<arg>${password}</arg>
<doc>Types the given password into the text field identified by ``locator``.</doc>
<msg timestamp="20241116 02:14:37.458" level="INFO">Typing password into text field 'password'.</msg>
<msg timestamp="20241116 02:14:38.495" level="INFO">Temporally setting log level to: NONE</msg>
<msg timestamp="20241116 02:14:39.042" level="INFO">Log level changed from NONE to INFO.</msg>
<status status="PASS" starttime="20241116 02:14:37.458" endtime="20241116 02:14:39.042"/>
</kw>
<status status="PASS" starttime="20241116 02:14:37.457" endtime="20241116 02:14:39.042"/>
</kw>
<kw name="Click Button" library="SeleniumLibrary">
<arg>Login</arg>
<doc>Clicks the button identified by ``locator``.</doc>
<msg timestamp="20241116 02:14:39.043" level="INFO">Clicking button 'Login'.</msg>
<status status="PASS" starttime="20241116 02:14:39.042" endtime="20241116 02:14:41.141"/>
</kw>
<kw name="Login Page Should Be Open" library="resource">
<kw name="Title Should Be" library="SeleniumLibrary">
<arg>Login</arg>
<doc>Verifies that the current page title equals ``title``.</doc>
<msg timestamp="20241116 02:14:41.650" level="INFO">Page title is 'Login'.</msg>
<status status="PASS" starttime="20241116 02:14:41.141" endtime="20241116 02:14:41.650"/>
</kw>
<status status="PASS" starttime="20241116 02:14:41.141" endtime="20241116 02:14:41.650"/>
</kw>
<status status="PASS" starttime="20241116 02:14:26.333" endtime="20241116 02:14:41.651"/>
</test>
<kw name="Close Browser" library="SeleniumLibrary" type="TEARDOWN">
<doc>Closes the current browser.</doc>
<status status="PASS" starttime="20241116 02:14:41.651" endtime="20241116 02:14:42.207"/>
</kw>
<status status="PASS" starttime="20241116 02:14:24.515" endtime="20241116 02:14:42.208"/>
</suite>
<statistics>
<total>
<stat pass="1" fail="0" skip="0">All Tests</stat>
</total>
<tag>
</tag>
<suite>
<stat pass="1" fail="0" skip="0" id="s1" name="Register">Register</stat>
</suite>
</statistics>
<errors>
</errors>
</robot>
